Build started 18.7.2015 г. 13:22:47.
     1>Project "c:\Users\Hristov\documents\visual studio 2013\Projects\210-str C++\210-str C++\210-str C++.vcxproj" on node 2 (Build target(s)).
     1>ClCompile:
         C:\Program Files (x86)\Microsoft Visual Studio 12.0\VC\bin\CL.exe /c /ZI /nologo /W3 /WX- /sdl /Od /Oy- /D WIN32 /D _DEBUG /D _CONSOLE /D _LIB /D _UNICODE /D UNICODE /Gm /EHsc /RTC1 /MDd /GS /fp:precise /Zc:wchar_t /Zc:forScope /Fo"Debug\\" /Fd"Debug\vc120.pdb" /Gd /TP /analyze- /errorReport:prompt Source.cpp Source1.cpp
         Source1.cpp
         Source.cpp
         Generating Code...
     1>c:\users\hristov\documents\visual studio 2013\projects\210-str c++\210-str c++\source1.cpp(19): error C4716: 'coord::operator%' : must return a value
     1>Done Building Project "c:\Users\Hristov\documents\visual studio 2013\Projects\210-str C++\210-str C++\210-str C++.vcxproj" (Build target(s)) -- FAILED.

Build FAILED.

Time Elapsed 00:00:00.63
